# JRE version: OpenJDK Runtime Environment Temurin-17.0.13+11 (17.0.13+11) (build 17.0.13+11)
# Java VM: OpenJDK 64-Bit Server VM Temurin-17.0.13+11 (17.0.13+11, mixed mode, tiered, compressed oops, compressed class ptrs, parallel gc, windows-amd64)
GC Precious Log:
 CPUs: 4 total, 4 available
 Memory: 8058M
 Large Page Support: Disabled
 NUMA Support: Disabled
 Compressed Oops: Enabled (32-bit)
 Alignments: Space 512K, Generation 512K, Heap 2M
 Heap Min Capacity: 100M
 Heap Initial Capacity: 100M
 Heap Max Capacity: 1G
 Pre-touch: Disabled
 Parallel Workers: 4
Heap:
 PSYoungGen      total 27648K, used 27648K [0x00000000eab00000, 0x00000000ee580000, 0x0000000100000000)
  eden space 20992K, 100% used [0x00000000eab00000,0x00000000ebf80000,0x00000000ebf80000)
  from space 6656K, 100% used [0x00000000ec000000,0x00000000ec680000,0x00000000ec680000)
  to   space 19456K, 0% used [0x00000000ed280000,0x00000000ed280000,0x00000000ee580000)
 ParOldGen       total 366592K, used 366456K [0x00000000c0000000, 0x00000000d6600000, 0x00000000eab00000)
  object space 366592K, 99% used [0x00000000c0000000,0x00000000d65de390,0x00000000d6600000)
 Metaspace       used 68239K, committed 69504K, reserved 1114112K
  class space    used 7164K, committed 7744K, reserved 1048576K
GC Heap History (20 events):
Event: 62.896 GC heap after
{Heap after GC invocations=159 (full 10):
 PSYoungGen      total 27136K, used 7211K [0x00000000eab00000, 0x00000000ecd00000, 0x0000000100000000)
  eden space 19456K, 0% used [0x00000000eab00000,0x00000000eab00000,0x00000000ebe00000)
  from space 7680K, 93% used [0x00000000ec580000,0x00000000ecc8af48,0x00000000ecd00000)
  to   space 7680K, 0% used [0x00000000ebe00000,0x00000000ebe00000,0x00000000ec580000)
 ParOldGen       total 292864K, used 273202K [0x00000000c0000000, 0x00000000d1e00000, 0x00000000eab00000)
  object space 292864K, 93% used [0x00000000c0000000,0x00000000d0accb48,0x00000000d1e00000)
 Metaspace       used 64583K, committed 65664K, reserved 1114112K
  class space    used 6829K, committed 7296K, reserved 1048576K
}
Event: 63.402 GC heap before
{Heap before GC invocations=160 (full 10):
 PSYoungGen      total 27136K, used 26667K [0x00000000eab00000, 0x00000000ecd00000, 0x0000000100000000)
  eden space 19456K, 100% used [0x00000000eab00000,0x00000000ebe00000,0x00000000ebe00000)
  from space 7680K, 93% used [0x00000000ec580000,0x00000000ecc8af48,0x00000000ecd00000)
  to   space 7680K, 0% used [0x00000000ebe00000,0x00000000ebe00000,0x00000000ec580000)
 ParOldGen       total 292864K, used 273202K [0x00000000c0000000, 0x00000000d1e00000, 0x00000000eab00000)
  object space 292864K, 93% used [0x00000000c0000000,0x00000000d0accb48,0x00000000d1e00000)
 Metaspace       used 64647K, committed 65792K, reserved 1114112K
  class space    used 6837K, committed 7360K, reserved 1048576K
}
Event: 63.431 GC heap after
{Heap after GC invocations=160 (full 10):
 PSYoungGen      total 27136K, used 7673K [0x00000000eab00000, 0x00000000eea00000, 0x0000000100000000)
  eden space 19456K, 0% used [0x00000000eab00000,0x00000000eab00000,0x00000000ebe00000)
  from space 7680K, 99% used [0x00000000ebe00000,0x00000000ec57e6d0,0x00000000ec580000)
  to   space 22528K, 0% used [0x00000000ed400000,0x00000000ed400000,0x00000000eea00000)
 ParOldGen       total 292864K, used 285481K [0x00000000c0000000, 0x00000000d1e00000, 0x00000000eab00000)
  object space 292864K, 97% used [0x00000000c0000000,0x00000000d16ca648,0x00000000d1e00000)
 Metaspace       used 64647K, committed 65792K, reserved 1114112K
  class space    used 6837K, committed 7360K, reserved 1048576K
}
Event: 64.228 GC heap before
{Heap before GC invocations=161 (full 11):
 PSYoungGen      total 27136K, used 27129K [0x00000000eab00000, 0x00000000eea00000, 0x0000000100000000)
  eden space 19456K, 100% used [0x00000000eab00000,0x00000000ebe00000,0x00000000ebe00000)
  from space 7680K, 99% used [0x00000000ebe00000,0x00000000ec57e6d0,0x00000000ec580000)
  to   space 22528K, 0% used [0x00000000ed400000,0x00000000ed400000,0x00000000eea00000)
 ParOldGen       total 292864K, used 285481K [0x00000000c0000000, 0x00000000d1e00000, 0x00000000eab00000)
  object space 292864K, 97% used [0x00000000c0000000,0x00000000d16ca648,0x00000000d1e00000)
 Metaspace       used 65042K, committed 66112K, reserved 1114112K
  class space    used 6885K, committed 7360K, reserved 1048576K
}
Event: 64.865 GC heap after
{Heap after GC invocations=161 (full 11):
 PSYoungGen      total 41984K, used 8751K [0x00000000eab00000, 0x00000000eea00000, 0x0000000100000000)
  eden space 19456K, 44% used [0x00000000eab00000,0x00000000eb38be60,0x00000000ebe00000)
  from space 22528K, 0% used [0x00000000ed400000,0x00000000ed400000,0x00000000eea00000)
  to   space 7680K, 0% used [0x00000000ebe00000,0x00000000ebe00000,0x00000000ec580000)
 ParOldGen       total 350208K, used 292847K [0x00000000c0000000, 0x00000000d5600000, 0x00000000eab00000)
  object space 350208K, 83% used [0x00000000c0000000,0x00000000d1dfbff8,0x00000000d5600000)
 Metaspace       used 65042K, committed 66112K, reserved 1114112K
  class space    used 6885K, committed 7360K, reserved 1048576K
}
Event: 65.378 GC heap before
{Heap before GC invocations=162 (full 11):
 PSYoungGen      total 41984K, used 19448K [0x00000000eab00000, 0x00000000eea00000, 0x0000000100000000)
  eden space 19456K, 99% used [0x00000000eab00000,0x00000000ebdfe340,0x00000000ebe00000)
  from space 22528K, 0% used [0x00000000ed400000,0x00000000ed400000,0x00000000eea00000)
  to   space 7680K, 0% used [0x00000000ebe00000,0x00000000ebe00000,0x00000000ec580000)
 ParOldGen       total 350208K, used 292847K [0x00000000c0000000, 0x00000000d5600000, 0x00000000eab00000)
  object space 350208K, 83% used [0x00000000c0000000,0x00000000d1dfbff8,0x00000000d5600000)
 Metaspace       used 65353K, committed 66496K, reserved 1114112K
  class space    used 6900K, committed 7424K, reserved 1048576K
}
Event: 65.433 GC heap after
{Heap after GC invocations=162 (full 11):
 PSYoungGen      total 27136K, used 7665K [0x00000000eab00000, 0x00000000edb00000, 0x0000000100000000)
  eden space 19456K, 0% used [0x00000000eab00000,0x00000000eab00000,0x00000000ebe00000)
  from space 7680K, 99% used [0x00000000ebe00000,0x00000000ec57c458,0x00000000ec580000)
  to   space 14848K, 0% used [0x00000000ecc80000,0x00000000ecc80000,0x00000000edb00000)
 ParOldGen       total 350208K, used 296618K [0x00000000c0000000, 0x00000000d5600000, 0x00000000eab00000)
  object space 350208K, 84% used [0x00000000c0000000,0x00000000d21aab90,0x00000000d5600000)
 Metaspace       used 65353K, committed 66496K, reserved 1114112K
  class space    used 6900K, committed 7424K, reserved 1048576K
}
Event: 66.438 GC heap before
{Heap before GC invocations=163 (full 11):
 PSYoungGen      total 27136K, used 26978K [0x00000000eab00000, 0x00000000edb00000, 0x0000000100000000)
  eden space 19456K, 99% used [0x00000000eab00000,0x00000000ebddc4c8,0x00000000ebe00000)
  from space 7680K, 99% used [0x00000000ebe00000,0x00000000ec57c458,0x00000000ec580000)
  to   space 14848K, 0% used [0x00000000ecc80000,0x00000000ecc80000,0x00000000edb00000)
 ParOldGen       total 350208K, used 296618K [0x00000000c0000000, 0x00000000d5600000, 0x00000000eab00000)
  object space 350208K, 84% used [0x00000000c0000000,0x00000000d21aab90,0x00000000d5600000)
 Metaspace       used 66187K, committed 67392K, reserved 1114112K
  class space    used 6967K, committed 7488K, reserved 1048576K
}
Event: 66.483 GC heap after
{Heap after GC invocations=163 (full 11):
 PSYoungGen      total 29696K, used 9769K [0x00000000eab00000, 0x00000000ed680000, 0x0000000100000000)
  eden space 19456K, 0% used [0x00000000eab00000,0x00000000eab00000,0x00000000ebe00000)
  from space 10240K, 95% used [0x00000000ecc80000,0x00000000ed60a7c8,0x00000000ed680000)
  to   space 11264K, 0% used [0x00000000ec080000,0x00000000ec080000,0x00000000ecb80000)
 ParOldGen       total 350208K, used 303672K [0x00000000c0000000, 0x00000000d5600000, 0x00000000eab00000)
  object space 350208K, 86% used [0x00000000c0000000,0x00000000d288e160,0x00000000d5600000)
 Metaspace       used 66187K, committed 67392K, reserved 1114112K
  class space    used 6967K, committed 7488K, reserved 1048576K
}
Event: 76.317 GC heap before
{Heap before GC invocations=164 (full 11):
 PSYoungGen      total 29696K, used 28058K [0x00000000eab00000, 0x00000000ed680000, 0x0000000100000000)
  eden space 19456K, 94% used [0x00000000eab00000,0x00000000ebcdc3f8,0x00000000ebe00000)
  from space 10240K, 95% used [0x00000000ecc80000,0x00000000ed60a7c8,0x00000000ed680000)
  to   space 11264K, 0% used [0x00000000ec080000,0x00000000ec080000,0x00000000ecb80000)
 ParOldGen       total 350208K, used 303672K [0x00000000c0000000, 0x00000000d5600000, 0x00000000eab00000)
  object space 350208K, 86% used [0x00000000c0000000,0x00000000d288e160,0x00000000d5600000)
 Metaspace       used 67056K, committed 68160K, reserved 1114112K
  class space    used 7049K, committed 7552K, reserved 1048576K
}
Event: 76.515 GC heap after
{Heap after GC invocations=164 (full 11):
 PSYoungGen      total 30720K, used 11256K [0x00000000eab00000, 0x00000000edb00000, 0x0000000100000000)
  eden space 19456K, 0% used [0x00000000eab00000,0x00000000eab00000,0x00000000ebe00000)
  from space 11264K, 99% used [0x00000000ec080000,0x00000000ecb7e1a0,0x00000000ecb80000)
  to   space 14848K, 0% used [0x00000000ecc80000,0x00000000ecc80000,0x00000000edb00000)
 ParOldGen       total 350208K, used 306432K [0x00000000c0000000, 0x00000000d5600000, 0x00000000eab00000)
  object space 350208K, 87% used [0x00000000c0000000,0x00000000d2b400c0,0x00000000d5600000)
 Metaspace       used 67056K, committed 68160K, reserved 1114112K
  class space    used 7049K, committed 7552K, reserved 1048576K
}
Event: 77.865 GC heap before
{Heap before GC invocations=165 (full 11):
 PSYoungGen      total 30720K, used 30712K [0x00000000eab00000, 0x00000000edb00000, 0x0000000100000000)
  eden space 19456K, 100% used [0x00000000eab00000,0x00000000ebe00000,0x00000000ebe00000)
  from space 11264K, 99% used [0x00000000ec080000,0x00000000ecb7e1a0,0x00000000ecb80000)
  to   space 14848K, 0% used [0x00000000ecc80000,0x00000000ecc80000,0x00000000edb00000)
 ParOldGen       total 350208K, used 306432K [0x00000000c0000000, 0x00000000d5600000, 0x00000000eab00000)
  object space 350208K, 87% used [0x00000000c0000000,0x00000000d2b400c0,0x00000000d5600000)
 Metaspace       used 67662K, committed 68864K, reserved 1114112K
  class space    used 7122K, committed 7680K, reserved 1048576K
}
Event: 77.880 GC heap after
{Heap after GC invocations=165 (full 11):
 PSYoungGen      total 22016K, used 2320K [0x00000000eab00000, 0x00000000ecf00000, 0x0000000100000000)
  eden space 19456K, 0% used [0x00000000eab00000,0x00000000eab00000,0x00000000ebe00000)
  from space 2560K, 90% used [0x00000000ecc80000,0x00000000ecec43e8,0x00000000ecf00000)
  to   space 6656K, 0% used [0x00000000ec200000,0x00000000ec200000,0x00000000ec880000)
 ParOldGen       total 350208K, used 315671K [0x00000000c0000000, 0x00000000d5600000, 0x00000000eab00000)
  object space 350208K, 90% used [0x00000000c0000000,0x00000000d3445e00,0x00000000d5600000)
 Metaspace       used 67662K, committed 68864K, reserved 1114112K
  class space    used 7122K, committed 7680K, reserved 1048576K
}
Event: 78.178 GC heap before
{Heap before GC invocations=166 (full 11):
 PSYoungGen      total 22016K, used 17525K [0x00000000eab00000, 0x00000000ecf00000, 0x0000000100000000)
  eden space 19456K, 78% used [0x00000000eab00000,0x00000000eb9d9328,0x00000000ebe00000)
  from space 2560K, 90% used [0x00000000ecc80000,0x00000000ecec43e8,0x00000000ecf00000)
  to   space 6656K, 0% used [0x00000000ec200000,0x00000000ec200000,0x00000000ec880000)
 ParOldGen       total 350208K, used 315671K [0x00000000c0000000, 0x00000000d5600000, 0x00000000eab00000)
  object space 350208K, 90% used [0x00000000c0000000,0x00000000d3445e00,0x00000000d5600000)
 Metaspace       used 67848K, committed 68992K, reserved 1114112K
  class space    used 7134K, committed 7680K, reserved 1048576K
}
Event: 78.184 GC heap after
{Heap after GC invocations=166 (full 11):
 PSYoungGen      total 26112K, used 6602K [0x00000000eab00000, 0x00000000ecd00000, 0x0000000100000000)
  eden space 19456K, 0% used [0x00000000eab00000,0x00000000eab00000,0x00000000ebe00000)
  from space 6656K, 99% used [0x00000000ec200000,0x00000000ec872938,0x00000000ec880000)
  to   space 4608K, 0% used [0x00000000ec880000,0x00000000ec880000,0x00000000ecd00000)
 ParOldGen       total 350208K, used 317001K [0x00000000c0000000, 0x00000000d5600000, 0x00000000eab00000)
  object space 350208K, 90% used [0x00000000c0000000,0x00000000d3592580,0x00000000d5600000)
 Metaspace       used 67848K, committed 68992K, reserved 1114112K
  class space    used 7134K, committed 7680K, reserved 1048576K
}
Event: 78.979 GC heap before
{Heap before GC invocations=167 (full 11):
 PSYoungGen      total 26112K, used 26058K [0x00000000eab00000, 0x00000000ecd00000, 0x0000000100000000)
  eden space 19456K, 100% used [0x00000000eab00000,0x00000000ebe00000,0x00000000ebe00000)
  from space 6656K, 99% used [0x00000000ec200000,0x00000000ec872938,0x00000000ec880000)
  to   space 4608K, 0% used [0x00000000ec880000,0x00000000ec880000,0x00000000ecd00000)
 ParOldGen       total 361472K, used 354340K [0x00000000c0000000, 0x00000000d6100000, 0x00000000eab00000)
  object space 361472K, 98% used [0x00000000c0000000,0x00000000d5a090d0,0x00000000d6100000)
 Metaspace       used 68078K, committed 69312K, reserved 1114112K
  class space    used 7159K, committed 7744K, reserved 1048576K
}
Event: 79.149 GC heap after
{Heap after GC invocations=167 (full 11):
 PSYoungGen      total 24064K, used 4583K [0x00000000eab00000, 0x00000000ecd00000, 0x0000000100000000)
  eden space 19456K, 0% used [0x00000000eab00000,0x00000000eab00000,0x00000000ebe00000)
  from space 4608K, 99% used [0x00000000ec880000,0x00000000eccf9c68,0x00000000ecd00000)
  to   space 6656K, 0% used [0x00000000ec000000,0x00000000ec000000,0x00000000ec680000)
 ParOldGen       total 361472K, used 355660K [0x00000000c0000000, 0x00000000d6100000, 0x00000000eab00000)
  object space 361472K, 98% used [0x00000000c0000000,0x00000000d5b530d0,0x00000000d6100000)
 Metaspace       used 68078K, committed 69312K, reserved 1114112K
  class space    used 7159K, committed 7744K, reserved 1048576K
}
Event: 79.585 GC heap before
{Heap before GC invocations=168 (full 11):
 PSYoungGen      total 24064K, used 24039K [0x00000000eab00000, 0x00000000ecd00000, 0x0000000100000000)
  eden space 19456K, 100% used [0x00000000eab00000,0x00000000ebe00000,0x00000000ebe00000)
  from space 4608K, 99% used [0x00000000ec880000,0x00000000eccf9c68,0x00000000ecd00000)
  to   space 6656K, 0% used [0x00000000ec000000,0x00000000ec000000,0x00000000ec680000)
 ParOldGen       total 361472K, used 355660K [0x00000000c0000000, 0x00000000d6100000, 0x00000000eab00000)
  object space 361472K, 98% used [0x00000000c0000000,0x00000000d5b530d0,0x00000000d6100000)
 Metaspace       used 68094K, committed 69312K, reserved 1114112K
  class space    used 7160K, committed 7744K, reserved 1048576K
}
Event: 79.636 GC heap after
{Heap after GC invocations=168 (full 11):
 PSYoungGen      total 27648K, used 6656K [0x00000000eab00000, 0x00000000ee580000, 0x0000000100000000)
  eden space 20992K, 0% used [0x00000000eab00000,0x00000000eab00000,0x00000000ebf80000)
  from space 6656K, 100% used [0x00000000ec000000,0x00000000ec680000,0x00000000ec680000)
  to   space 19456K, 0% used [0x00000000ed280000,0x00000000ed280000,0x00000000ee580000)
 ParOldGen       total 366592K, used 366456K [0x00000000c0000000, 0x00000000d6600000, 0x00000000eab00000)
  object space 366592K, 99% used [0x00000000c0000000,0x00000000d65de390,0x00000000d6600000)
 Metaspace       used 68094K, committed 69312K, reserved 1114112K
  class space    used 7160K, committed 7744K, reserved 1048576K
}
Event: 80.125 GC heap before
{Heap before GC invocations=169 (full 12):
 PSYoungGen      total 27648K, used 27648K [0x00000000eab00000, 0x00000000ee580000, 0x0000000100000000)
  eden space 20992K, 100% used [0x00000000eab00000,0x00000000ebf80000,0x00000000ebf80000)
  from space 6656K, 100% used [0x00000000ec000000,0x00000000ec680000,0x00000000ec680000)
  to   space 19456K, 0% used [0x00000000ed280000,0x00000000ed280000,0x00000000ee580000)
 ParOldGen       total 366592K, used 366456K [0x00000000c0000000, 0x00000000d6600000, 0x00000000eab00000)
  object space 366592K, 99% used [0x00000000c0000000,0x00000000d65de390,0x00000000d6600000)
 Metaspace       used 68239K, committed 69504K, reserved 1114112K
  class space    used 7164K, committed 7744K, reserved 1048576K
}

