# JRE version: OpenJDK Runtime Environment Temurin-17.0.13+11 (17.0.13+11) (build 17.0.13+11)
# Java VM: OpenJDK 64-Bit Server VM Temurin-17.0.13+11 (17.0.13+11, mixed mode, tiered, compressed oops, compressed class ptrs, parallel gc, windows-amd64)
GC Precious Log:
 CPUs: 4 total, 4 available
 Memory: 8058M
 Large Page Support: Disabled
 NUMA Support: Disabled
 Compressed Oops: Enabled (32-bit)
 Alignments: Space 512K, Generation 512K, Heap 2M
 Heap Min Capacity: 100M
 Heap Initial Capacity: 100M
 Heap Max Capacity: 1G
 Pre-touch: Disabled
 Parallel Workers: 4
Heap:
 PSYoungGen      total 11776K, used 11522K [0x00000000eab00000, 0x00000000ebb80000, 0x0000000100000000)
  eden space 9216K, 99% used [0x00000000eab00000,0x00000000eb3ecb38,0x00000000eb400000)
  from space 2560K, 93% used [0x00000000eb900000,0x00000000ebb54068,0x00000000ebb80000)
  to   space 3584K, 0% used [0x00000000eb480000,0x00000000eb480000,0x00000000eb800000)
 ParOldGen       total 148992K, used 129192K [0x00000000c0000000, 0x00000000c9180000, 0x00000000eab00000)
  object space 148992K, 86% used [0x00000000c0000000,0x00000000c7e2a1d0,0x00000000c9180000)
 Metaspace       used 70056K, committed 71168K, reserved 1114112K
  class space    used 7472K, committed 7936K, reserved 1048576K
GC Heap History (20 events):
Event: 39.501 GC heap before
{Heap before GC invocations=66 (full 5):
 PSYoungGen      total 13824K, used 13372K [0x00000000eab00000, 0x00000000ebf80000, 0x0000000100000000)
  eden space 10752K, 100% used [0x00000000eab00000,0x00000000eb580000,0x00000000eb580000)
  from space 3072K, 85% used [0x00000000ebc80000,0x00000000ebf0f178,0x00000000ebf80000)
  to   space 4096K, 0% used [0x00000000eb780000,0x00000000eb780000,0x00000000ebb80000)
 ParOldGen       total 122368K, used 109873K [0x00000000c0000000, 0x00000000c7780000, 0x00000000eab00000)
  object space 122368K, 89% used [0x00000000c0000000,0x00000000c6b4c770,0x00000000c7780000)
 Metaspace       used 70056K, committed 71168K, reserved 1114112K
  class space    used 7472K, committed 7936K, reserved 1048576K
}
Event: 39.509 GC heap after
{Heap after GC invocations=66 (full 5):
 PSYoungGen      total 13824K, used 2632K [0x00000000eab00000, 0x00000000ebd00000, 0x0000000100000000)
  eden space 10752K, 0% used [0x00000000eab00000,0x00000000eab00000,0x00000000eb580000)
  from space 3072K, 85% used [0x00000000eb780000,0x00000000eba12370,0x00000000eba80000)
  to   space 2560K, 0% used [0x00000000eba80000,0x00000000eba80000,0x00000000ebd00000)
 ParOldGen       total 122368K, used 112283K [0x00000000c0000000, 0x00000000c7780000, 0x00000000eab00000)
  object space 122368K, 91% used [0x00000000c0000000,0x00000000c6da6fb8,0x00000000c7780000)
 Metaspace       used 70056K, committed 71168K, reserved 1114112K
  class space    used 7472K, committed 7936K, reserved 1048576K
}
Event: 39.613 GC heap before
{Heap before GC invocations=67 (full 5):
 PSYoungGen      total 13824K, used 13384K [0x00000000eab00000, 0x00000000ebd00000, 0x0000000100000000)
  eden space 10752K, 100% used [0x00000000eab00000,0x00000000eb580000,0x00000000eb580000)
  from space 3072K, 85% used [0x00000000eb780000,0x00000000eba12370,0x00000000eba80000)
  to   space 2560K, 0% used [0x00000000eba80000,0x00000000eba80000,0x00000000ebd00000)
 ParOldGen       total 122368K, used 112283K [0x00000000c0000000, 0x00000000c7780000, 0x00000000eab00000)
  object space 122368K, 91% used [0x00000000c0000000,0x00000000c6da6fb8,0x00000000c7780000)
 Metaspace       used 70056K, committed 71168K, reserved 1114112K
  class space    used 7472K, committed 7936K, reserved 1048576K
}
Event: 39.618 GC heap after
{Heap after GC invocations=67 (full 5):
 PSYoungGen      total 13312K, used 2537K [0x00000000eab00000, 0x00000000ebd00000, 0x0000000100000000)
  eden space 10752K, 0% used [0x00000000eab00000,0x00000000eab00000,0x00000000eb580000)
  from space 2560K, 99% used [0x00000000eba80000,0x00000000ebcfa4e0,0x00000000ebd00000)
  to   space 3072K, 0% used [0x00000000eb700000,0x00000000eb700000,0x00000000eba00000)
 ParOldGen       total 122368K, used 114756K [0x00000000c0000000, 0x00000000c7780000, 0x00000000eab00000)
  object space 122368K, 93% used [0x00000000c0000000,0x00000000c7011280,0x00000000c7780000)
 Metaspace       used 70056K, committed 71168K, reserved 1114112K
  class space    used 7472K, committed 7936K, reserved 1048576K
}
Event: 39.731 GC heap before
{Heap before GC invocations=68 (full 5):
 PSYoungGen      total 13312K, used 13289K [0x00000000eab00000, 0x00000000ebd00000, 0x0000000100000000)
  eden space 10752K, 100% used [0x00000000eab00000,0x00000000eb580000,0x00000000eb580000)
  from space 2560K, 99% used [0x00000000eba80000,0x00000000ebcfa4e0,0x00000000ebd00000)
  to   space 3072K, 0% used [0x00000000eb700000,0x00000000eb700000,0x00000000eba00000)
 ParOldGen       total 122368K, used 114756K [0x00000000c0000000, 0x00000000c7780000, 0x00000000eab00000)
  object space 122368K, 93% used [0x00000000c0000000,0x00000000c7011280,0x00000000c7780000)
 Metaspace       used 70056K, committed 71168K, reserved 1114112K
  class space    used 7472K, committed 7936K, reserved 1048576K
}
Event: 39.737 GC heap after
{Heap after GC invocations=68 (full 5):
 PSYoungGen      total 13312K, used 2525K [0x00000000eab00000, 0x00000000ebb00000, 0x0000000100000000)
  eden space 10752K, 0% used [0x00000000eab00000,0x00000000eab00000,0x00000000eb580000)
  from space 2560K, 98% used [0x00000000eb700000,0x00000000eb9774d0,0x00000000eb980000)
  to   space 1536K, 0% used [0x00000000eb980000,0x00000000eb980000,0x00000000ebb00000)
 ParOldGen       total 122368K, used 117112K [0x00000000c0000000, 0x00000000c7780000, 0x00000000eab00000)
  object space 122368K, 95% used [0x00000000c0000000,0x00000000c725e0e8,0x00000000c7780000)
 Metaspace       used 70056K, committed 71168K, reserved 1114112K
  class space    used 7472K, committed 7936K, reserved 1048576K
}
Event: 39.849 GC heap before
{Heap before GC invocations=69 (full 5):
 PSYoungGen      total 13312K, used 13277K [0x00000000eab00000, 0x00000000ebb00000, 0x0000000100000000)
  eden space 10752K, 100% used [0x00000000eab00000,0x00000000eb580000,0x00000000eb580000)
  from space 2560K, 98% used [0x00000000eb700000,0x00000000eb9774d0,0x00000000eb980000)
  to   space 1536K, 0% used [0x00000000eb980000,0x00000000eb980000,0x00000000ebb00000)
 ParOldGen       total 122368K, used 117112K [0x00000000c0000000, 0x00000000c7780000, 0x00000000eab00000)
  object space 122368K, 95% used [0x00000000c0000000,0x00000000c725e0e8,0x00000000c7780000)
 Metaspace       used 70056K, committed 71168K, reserved 1114112K
  class space    used 7472K, committed 7936K, reserved 1048576K
}
Event: 39.859 GC heap after
{Heap after GC invocations=69 (full 5):
 PSYoungGen      total 10752K, used 1527K [0x00000000eab00000, 0x00000000ec080000, 0x0000000100000000)
  eden space 9216K, 0% used [0x00000000eab00000,0x00000000eab00000,0x00000000eb400000)
  from space 1536K, 99% used [0x00000000eb980000,0x00000000ebafddd8,0x00000000ebb00000)
  to   space 5632K, 0% used [0x00000000eb400000,0x00000000eb400000,0x00000000eb980000)
 ParOldGen       total 122368K, used 120597K [0x00000000c0000000, 0x00000000c7780000, 0x00000000eab00000)
  object space 122368K, 98% used [0x00000000c0000000,0x00000000c75c5640,0x00000000c7780000)
 Metaspace       used 70056K, committed 71168K, reserved 1114112K
  class space    used 7472K, committed 7936K, reserved 1048576K
}
Event: 39.970 GC heap before
{Heap before GC invocations=70 (full 6):
 PSYoungGen      total 10752K, used 10743K [0x00000000eab00000, 0x00000000ec080000, 0x0000000100000000)
  eden space 9216K, 100% used [0x00000000eab00000,0x00000000eb400000,0x00000000eb400000)
  from space 1536K, 99% used [0x00000000eb980000,0x00000000ebafddd8,0x00000000ebb00000)
  to   space 5632K, 0% used [0x00000000eb400000,0x00000000eb400000,0x00000000eb980000)
 ParOldGen       total 122368K, used 120597K [0x00000000c0000000, 0x00000000c7780000, 0x00000000eab00000)
  object space 122368K, 98% used [0x00000000c0000000,0x00000000c75c5640,0x00000000c7780000)
 Metaspace       used 70056K, committed 71168K, reserved 1114112K
  class space    used 7472K, committed 7936K, reserved 1048576K
}
Event: 40.196 GC heap after
{Heap after GC invocations=70 (full 6):
 PSYoungGen      total 14848K, used 0K [0x00000000eab00000, 0x00000000ebf00000, 0x0000000100000000)
  eden space 9216K, 0% used [0x00000000eab00000,0x00000000eab00000,0x00000000eb400000)
  from space 5632K, 0% used [0x00000000eb400000,0x00000000eb400000,0x00000000eb980000)
  to   space 5632K, 0% used [0x00000000eb980000,0x00000000eb980000,0x00000000ebf00000)
 ParOldGen       total 148992K, used 120836K [0x00000000c0000000, 0x00000000c9180000, 0x00000000eab00000)
  object space 148992K, 81% used [0x00000000c0000000,0x00000000c76010f0,0x00000000c9180000)
 Metaspace       used 70056K, committed 71168K, reserved 1114112K
  class space    used 7472K, committed 7936K, reserved 1048576K
}
Event: 40.462 GC heap before
{Heap before GC invocations=71 (full 6):
 PSYoungGen      total 14848K, used 9216K [0x00000000eab00000, 0x00000000ebf00000, 0x0000000100000000)
  eden space 9216K, 100% used [0x00000000eab00000,0x00000000eb400000,0x00000000eb400000)
  from space 5632K, 0% used [0x00000000eb400000,0x00000000eb400000,0x00000000eb980000)
  to   space 5632K, 0% used [0x00000000eb980000,0x00000000eb980000,0x00000000ebf00000)
 ParOldGen       total 148992K, used 120836K [0x00000000c0000000, 0x00000000c9180000, 0x00000000eab00000)
  object space 148992K, 81% used [0x00000000c0000000,0x00000000c76010f0,0x00000000c9180000)
 Metaspace       used 70056K, committed 71168K, reserved 1114112K
  class space    used 7472K, committed 7936K, reserved 1048576K
}
Event: 40.466 GC heap after
{Heap after GC invocations=71 (full 6):
 PSYoungGen      total 11776K, used 2239K [0x00000000eab00000, 0x00000000ebc00000, 0x0000000100000000)
  eden space 9216K, 0% used [0x00000000eab00000,0x00000000eab00000,0x00000000eb400000)
  from space 2560K, 87% used [0x00000000eb980000,0x00000000ebbafe38,0x00000000ebc00000)
  to   space 3584K, 0% used [0x00000000eb500000,0x00000000eb500000,0x00000000eb880000)
 ParOldGen       total 148992K, used 120836K [0x00000000c0000000, 0x00000000c9180000, 0x00000000eab00000)
  object space 148992K, 81% used [0x00000000c0000000,0x00000000c76010f0,0x00000000c9180000)
 Metaspace       used 70056K, committed 71168K, reserved 1114112K
  class space    used 7472K, committed 7936K, reserved 1048576K
}
Event: 40.599 GC heap before
{Heap before GC invocations=72 (full 6):
 PSYoungGen      total 11776K, used 11455K [0x00000000eab00000, 0x00000000ebc00000, 0x0000000100000000)
  eden space 9216K, 100% used [0x00000000eab00000,0x00000000eb400000,0x00000000eb400000)
  from space 2560K, 87% used [0x00000000eb980000,0x00000000ebbafe38,0x00000000ebc00000)
  to   space 3584K, 0% used [0x00000000eb500000,0x00000000eb500000,0x00000000eb880000)
 ParOldGen       total 148992K, used 120836K [0x00000000c0000000, 0x00000000c9180000, 0x00000000eab00000)
  object space 148992K, 81% used [0x00000000c0000000,0x00000000c76010f0,0x00000000c9180000)
 Metaspace       used 70056K, committed 71168K, reserved 1114112K
  class space    used 7472K, committed 7936K, reserved 1048576K
}
Event: 40.603 GC heap after
{Heap after GC invocations=72 (full 6):
 PSYoungGen      total 12800K, used 3568K [0x00000000eab00000, 0x00000000ebe00000, 0x0000000100000000)
  eden space 9216K, 0% used [0x00000000eab00000,0x00000000eab00000,0x00000000eb400000)
  from space 3584K, 99% used [0x00000000eb500000,0x00000000eb87c078,0x00000000eb880000)
  to   space 5120K, 0% used [0x00000000eb900000,0x00000000eb900000,0x00000000ebe00000)
 ParOldGen       total 148992K, used 121617K [0x00000000c0000000, 0x00000000c9180000, 0x00000000eab00000)
  object space 148992K, 81% used [0x00000000c0000000,0x00000000c76c4550,0x00000000c9180000)
 Metaspace       used 70056K, committed 71168K, reserved 1114112K
  class space    used 7472K, committed 7936K, reserved 1048576K
}
Event: 40.700 GC heap before
{Heap before GC invocations=73 (full 6):
 PSYoungGen      total 12800K, used 12784K [0x00000000eab00000, 0x00000000ebe00000, 0x0000000100000000)
  eden space 9216K, 100% used [0x00000000eab00000,0x00000000eb400000,0x00000000eb400000)
  from space 3584K, 99% used [0x00000000eb500000,0x00000000eb87c078,0x00000000eb880000)
  to   space 5120K, 0% used [0x00000000eb900000,0x00000000eb900000,0x00000000ebe00000)
 ParOldGen       total 148992K, used 121617K [0x00000000c0000000, 0x00000000c9180000, 0x00000000eab00000)
  object space 148992K, 81% used [0x00000000c0000000,0x00000000c76c4550,0x00000000c9180000)
 Metaspace       used 70056K, committed 71168K, reserved 1114112K
  class space    used 7472K, committed 7936K, reserved 1048576K
}
Event: 40.708 GC heap after
{Heap after GC invocations=73 (full 6):
 PSYoungGen      total 11776K, used 2161K [0x00000000eab00000, 0x00000000ebb80000, 0x0000000100000000)
  eden space 9216K, 0% used [0x00000000eab00000,0x00000000eab00000,0x00000000eb400000)
  from space 2560K, 84% used [0x00000000eb900000,0x00000000ebb1c428,0x00000000ebb80000)
  to   space 3072K, 0% used [0x00000000eb580000,0x00000000eb580000,0x00000000eb880000)
 ParOldGen       total 148992K, used 125077K [0x00000000c0000000, 0x00000000c9180000, 0x00000000eab00000)
  object space 148992K, 83% used [0x00000000c0000000,0x00000000c7a25780,0x00000000c9180000)
 Metaspace       used 70056K, committed 71168K, reserved 1114112K
  class space    used 7472K, committed 7936K, reserved 1048576K
}
Event: 40.801 GC heap before
{Heap before GC invocations=74 (full 6):
 PSYoungGen      total 11776K, used 11377K [0x00000000eab00000, 0x00000000ebb80000, 0x0000000100000000)
  eden space 9216K, 100% used [0x00000000eab00000,0x00000000eb400000,0x00000000eb400000)
  from space 2560K, 84% used [0x00000000eb900000,0x00000000ebb1c428,0x00000000ebb80000)
  to   space 3072K, 0% used [0x00000000eb580000,0x00000000eb580000,0x00000000eb880000)
 ParOldGen       total 148992K, used 125077K [0x00000000c0000000, 0x00000000c9180000, 0x00000000eab00000)
  object space 148992K, 83% used [0x00000000c0000000,0x00000000c7a25780,0x00000000c9180000)
 Metaspace       used 70056K, committed 71168K, reserved 1114112K
  class space    used 7472K, committed 7936K, reserved 1048576K
}
Event: 40.806 GC heap after
{Heap after GC invocations=74 (full 6):
 PSYoungGen      total 12288K, used 3042K [0x00000000eab00000, 0x00000000ebe00000, 0x0000000100000000)
  eden space 9216K, 0% used [0x00000000eab00000,0x00000000eab00000,0x00000000eb400000)
  from space 3072K, 99% used [0x00000000eb580000,0x00000000eb878b18,0x00000000eb880000)
  to   space 5120K, 0% used [0x00000000eb900000,0x00000000eb900000,0x00000000ebe00000)
 ParOldGen       total 148992K, used 126322K [0x00000000c0000000, 0x00000000c9180000, 0x00000000eab00000)
  object space 148992K, 84% used [0x00000000c0000000,0x00000000c7b5c9c0,0x00000000c9180000)
 Metaspace       used 70056K, committed 71168K, reserved 1114112K
  class space    used 7472K, committed 7936K, reserved 1048576K
}
Event: 40.898 GC heap before
{Heap before GC invocations=75 (full 6):
 PSYoungGen      total 12288K, used 12258K [0x00000000eab00000, 0x00000000ebe00000, 0x0000000100000000)
  eden space 9216K, 100% used [0x00000000eab00000,0x00000000eb400000,0x00000000eb400000)
  from space 3072K, 99% used [0x00000000eb580000,0x00000000eb878b18,0x00000000eb880000)
  to   space 5120K, 0% used [0x00000000eb900000,0x00000000eb900000,0x00000000ebe00000)
 ParOldGen       total 148992K, used 126322K [0x00000000c0000000, 0x00000000c9180000, 0x00000000eab00000)
  object space 148992K, 84% used [0x00000000c0000000,0x00000000c7b5c9c0,0x00000000c9180000)
 Metaspace       used 70056K, committed 71168K, reserved 1114112K
  class space    used 7472K, committed 7936K, reserved 1048576K
}
Event: 40.903 GC heap after
{Heap after GC invocations=75 (full 6):
 PSYoungGen      total 11776K, used 2384K [0x00000000eab00000, 0x00000000ebb80000, 0x0000000100000000)
  eden space 9216K, 0% used [0x00000000eab00000,0x00000000eab00000,0x00000000eb400000)
  from space 2560K, 93% used [0x00000000eb900000,0x00000000ebb54068,0x00000000ebb80000)
  to   space 3584K, 0% used [0x00000000eb480000,0x00000000eb480000,0x00000000eb800000)
 ParOldGen       total 148992K, used 129192K [0x00000000c0000000, 0x00000000c9180000, 0x00000000eab00000)
  object space 148992K, 86% used [0x00000000c0000000,0x00000000c7e2a1d0,0x00000000c9180000)
 Metaspace       used 70056K, committed 71168K, reserved 1114112K
  class space    used 7472K, committed 7936K, reserved 1048576K
}

